[debug] [2021-12-19T15:27:26.304Z] ----------------------------------------------------------------------
[debug] [2021-12-19T15:27:26.310Z] Command:       C:\Program Files\nodejs\node.exe C:\Users\elalg\AppData\Roaming\npm\node_modules\firebase-tools\lib\bin\firebase.js init
[debug] [2021-12-19T15:27:26.310Z] CLI Version:   9.23.1
[debug] [2021-12-19T15:27:26.311Z] Platform:      win32
[debug] [2021-12-19T15:27:26.311Z] Node Version:  v16.13.1
[debug] [2021-12-19T15:27:26.313Z] Time:          Sun Dec 19 2021 09:27:26 GMT-0600 (hora estándar central)
[debug] [2021-12-19T15:27:26.313Z] ----------------------------------------------------------------------
[debug] 
[debug] [2021-12-19T15:27:26.437Z] > command requires scopes: ["email","openid","https://www.googleapis.com/auth/cloudplatformprojects.readonly","https://www.googleapis.com/auth/firebase","https://www.googleapis.com/auth/cloud-platform"]
[debug] [2021-12-19T15:27:26.438Z] > authorizing via signed-in user (comercio.paco1821@gmail.com)
[info] 
     ######## #### ########  ######## ########     ###     ######  ########
     ##        ##  ##     ## ##       ##     ##  ##   ##  ##       ##
     ######    ##  ########  ######   ########  #########  ######  ######
     ##        ##  ##    ##  ##       ##     ## ##     ##       ## ##
     ##       #### ##     ## ######## ########  ##     ##  ######  ########

You're about to initialize a Firebase project in this directory:

  C:\Users\elalg\Documents\Desarrollo\Web\plataforma

Before we get started, keep in mind:

  * You are initializing within an existing Firebase project directory

[info] 
=== Project Setup
[info] 
[info] First, let's associate this project directory with a Firebase project.
[info] You can create multiple project aliases by running firebase use --add, 
[info] but for now we'll just set up a default project.
[info] 
[debug] [2021-12-19T15:27:39.423Z] Using project from CLI flag: paco1821-8c089
[debug] [2021-12-19T15:27:39.427Z] >>> [apiv2][query] GET https://firebase.googleapis.com/v1beta1/projects/paco1821-8c089 [none]
[debug] [2021-12-19T15:27:39.725Z] <<< [apiv2][status] GET https://firebase.googleapis.com/v1beta1/projects/paco1821-8c089 200
[debug] [2021-12-19T15:27:39.725Z] <<< [apiv2][body] GET https://firebase.googleapis.com/v1beta1/projects/paco1821-8c089 {"projectId":"paco1821-8c089","projectNumber":"275806481204","displayName":"PACO1821","name":"projects/paco1821-8c089","resources":{"hostingSite":"paco1821-8c089","realtimeDatabaseInstance":"paco1821-8c089-default-rtdb","storageBucket":"paco1821-8c089.appspot.com","locationId":"us-central"},"state":"ACTIVE"}
[info] i  Using project paco1821-8c089 (PACO1821) 
[info] 
=== Hosting:github Setup
[info] 
[info] i  Didn't detect a .git folder. Assuming C:\Users\elalg\Documents\Desarrollo\Web\plataforma is the project root. 
[info] i  Authorizing with GitHub to upload your service account to a GitHub repository's secrets store. 
[info] 
[info] Visit this URL on this device to log in:
[info] https://github.com/login/oauth/authorize?client_id=89cf50f02ac6aaed3484&state=353849346&redirect_uri=http%3A%2F%2Flocalhost%3A9005&scope=read%3Auser%20repo%20public_repo
[info] 
[info] Waiting for authentication...
[debug] [2021-12-19T15:27:40.731Z] >>> HTTP REQUEST POST https://github.com/login/oauth/access_token  
 {"client_id":"89cf50f02ac6aaed3484","client_secret":"3330d14abc895d9a74d5f17cd7a00711fa2c5bf0","code":"2864ddbfdbe4af8e38ae","redirect_uri":"http://localhost:9005","state":"353849346"}
[debug] [2021-12-19T15:27:41.164Z] <<< HTTP RESPONSE 200 {"server":"GitHub.com","date":"Sun, 19 Dec 2021 15:27:42 GMT","content-type":"application/json; charset=utf-8","transfer-encoding":"chunked","vary":"X-PJAX, X-PJAX-Container, Accept-Encoding, Accept, X-Requested-With","permissions-policy":"interest-cohort=()","etag":"W/\"68cac534faf40f77f4dacc414dc3fdad\"","cache-control":"max-age=0, private, must-revalidate","strict-transport-security":"max-age=31536000; includeSubdomains; preload","x-frame-options":"deny","x-content-type-options":"nosniff","x-xss-protection":"0","referrer-policy":"origin-when-cross-origin, strict-origin-when-cross-origin","expect-ct":"max-age=2592000, report-uri=\"https://api.github.com/_private/browser/errors\"","content-security-policy":"default-src 'none'; base-uri 'self'; block-all-mixed-content; child-src github.com/assets-cdn/worker/ gist.github.com/assets-cdn/worker/; connect-src 'self' uploads.github.com objects-origin.githubusercontent.com www.githubstatus.com collector.githubapp.com api.github.com github-cloud.s3.amazonaws.com github-production-repository-file-5c1aeb.s3.amazonaws.com github-production-upload-manifest-file-7fdce7.s3.amazonaws.com github-production-user-asset-6210df.s3.amazonaws.com cdn.optimizely.com logx.optimizely.com/v1/events translator.github.com wss://alive.github.com; font-src github.githubassets.com; form-action 'self' github.com gist.github.com objects-origin.githubusercontent.com; frame-ancestors 'none'; frame-src render.githubusercontent.com viewscreen.githubusercontent.com notebooks.githubusercontent.com; img-src 'self' data: github.githubassets.com identicons.github.com collector.githubapp.com github-cloud.s3.amazonaws.com secured-user-images.githubusercontent.com/ *.githubusercontent.com; manifest-src 'self'; media-src github.com user-images.githubusercontent.com/; script-src github.githubassets.com; style-src 'unsafe-inline' github.githubassets.com; worker-src github.com/assets-cdn/worker/ gist.github.com/assets-cdn/worker/","x-github-request-id":"D543:21F3:1E785DA:30D3ACB:61BF4F6D"}
[debug] [2021-12-19T15:27:41.180Z] >>> [apiv2][query] GET https://api.github.com/user [none]
[debug] [2021-12-19T15:27:41.641Z] <<< [apiv2][status] GET https://api.github.com/user 200
[debug] [2021-12-19T15:27:41.642Z] <<< [apiv2][body] GET https://api.github.com/user {"login":"ElAlgoritmoDeLaNoche","id":44403136,"node_id":"MDQ6VXNlcjQ0NDAzMTM2","avatar_url":"https://avatars.githubusercontent.com/u/44403136?v=4","gravatar_id":"","url":"https://api.github.com/users/ElAlgoritmoDeLaNoche","html_url":"https://github.com/ElAlgoritmoDeLaNoche","followers_url":"https://api.github.com/users/ElAlgoritmoDeLaNoche/followers","following_url":"https://api.github.com/users/ElAlgoritmoDeLaNoche/following{/other_user}","gists_url":"https://api.github.com/users/ElAlgoritmoDeLaNoche/gists{/gist_id}","starred_url":"https://api.github.com/users/ElAlgoritmoDeLaNoche/starred{/owner}{/repo}","subscriptions_url":"https://api.github.com/users/ElAlgoritmoDeLaNoche/subscriptions","organizations_url":"https://api.github.com/users/ElAlgoritmoDeLaNoche/orgs","repos_url":"https://api.github.com/users/ElAlgoritmoDeLaNoche/repos","events_url":"https://api.github.com/users/ElAlgoritmoDeLaNoche/events{/privacy}","received_events_url":"https://api.github.com/users/ElAlgoritmoDeLaNoche/received_events","type":"User","site_admin":false,"name":"El Algoritmo de la Noche","company":"El Algoritmo de la Noche","blog":"https://elalgoritmodelanoche.com/","location":"CDMX","email":null,"hireable":null,"bio":null,"twitter_username":null,"public_repos":35,"public_gists":0,"followers":6,"following":0,"created_at":"2018-10-23T13:01:56Z","updated_at":"2021-12-08T17:40:09Z","private_gists":0,"total_private_repos":13,"owned_private_repos":13,"disk_usage":490906,"collaborators":1,"two_factor_authentication":false,"plan":{"name":"free","space":976562499,"collaborators":0,"private_repos":10000}}
[info] 
[info] +  Success! Logged into GitHub as ElAlgoritmoDeLaNoche 
[info] 
